<?xml version="1.0" encoding="UTF-8"?>
<robot generator="Robot 3.2.2 (Python 3.6.9 on linux)" generated="20200922 02:27:28.948" rpa="false">
<suite id="s1" name="Test Site" source="/home/dandybarbosa/qa_ninja/robot/teste-site-html/test_site.robot">
<test id="s1-t1" name="Titulo da página">
<kw name="Nova sessão" library="base" type="setup">
<kw name="Open Browser" library="SeleniumLibrary">
<doc>Opens a new browser instance to the optional ``url``.</doc>
<arguments>
<arg>${url}</arg>
<arg>chrome</arg>
</arguments>
<msg timestamp="20200922 02:27:29.171" level="INFO">Opening browser 'chrome' to base url 'file:///home/dandybarbosa/projeto_github/site_html/index.html'.</msg>
<status status="PASS" starttime="20200922 02:27:29.170" endtime="20200922 02:27:30.909"></status>
</kw>
<status status="PASS" starttime="20200922 02:27:29.170" endtime="20200922 02:27:30.909"></status>
</kw>
<kw name="Title Should Be" library="SeleniumLibrary">
<doc>Verifies that the current page title equals ``title``.</doc>
<arguments>
<arg>${title_princ}</arg>
</arguments>
<msg timestamp="20200922 02:27:30.924" level="INFO">Page title is 'UNES Página principal'.</msg>
<status status="PASS" starttime="20200922 02:27:30.910" endtime="20200922 02:27:30.924"></status>
</kw>
<kw name="Click Link" library="SeleniumLibrary">
<doc>Clicks a link identified by ``locator``.</doc>
<arguments>
<arg>${link_qs}</arg>
</arguments>
<msg timestamp="20200922 02:27:30.925" level="INFO">Clicking link 'css:a:nth-child(2)'.</msg>
<status status="PASS" starttime="20200922 02:27:30.924" endtime="20200922 02:27:31.076"></status>
</kw>
<kw name="Title Should Be" library="SeleniumLibrary">
<doc>Verifies that the current page title equals ``title``.</doc>
<arguments>
<arg>${title_qs}</arg>
</arguments>
<msg timestamp="20200922 02:27:31.085" level="INFO">Page title is 'UNES - Quem somos'.</msg>
<status status="PASS" starttime="20200922 02:27:31.076" endtime="20200922 02:27:31.086"></status>
</kw>
<kw name="Click Link" library="SeleniumLibrary">
<doc>Clicks a link identified by ``locator``.</doc>
<arguments>
<arg>${link_cont}</arg>
</arguments>
<msg timestamp="20200922 02:27:31.088" level="INFO">Clicking link 'css: a:nth-child(3)'.</msg>
<status status="PASS" starttime="20200922 02:27:31.087" endtime="20200922 02:27:31.247"></status>
</kw>
<kw name="Title Should Be" library="SeleniumLibrary">
<doc>Verifies that the current page title equals ``title``.</doc>
<arguments>
<arg>${title_cont}</arg>
</arguments>
<msg timestamp="20200922 02:27:31.256" level="INFO">Page title is 'UNES - Contato'.</msg>
<status status="PASS" starttime="20200922 02:27:31.248" endtime="20200922 02:27:31.256"></status>
</kw>
<kw name="Input Text" library="SeleniumLibrary">
<doc>Types the given ``text`` into the text field identified by ``locator``.</doc>
<arguments>
<arg>${input_email}</arg>
<arg>danielsbarbosa27@gmail.com</arg>
</arguments>
<msg timestamp="20200922 02:27:31.257" level="INFO">Typing text 'danielsbarbosa27@gmail.com' into text field 'css:input[type=text]:nth-child(2)'.</msg>
<status status="PASS" starttime="20200922 02:27:31.256" endtime="20200922 02:27:31.438"></status>
</kw>
<kw name="Input Text" library="SeleniumLibrary">
<doc>Types the given ``text`` into the text field identified by ``locator``.</doc>
<arguments>
<arg>${input_assunto}</arg>
<arg>teste com Robotframework</arg>
</arguments>
<msg timestamp="20200922 02:27:31.439" level="INFO">Typing text 'teste com Robotframework' into text field 'css:input[type=text]:nth-child(5)'.</msg>
<status status="PASS" starttime="20200922 02:27:31.438" endtime="20200922 02:27:31.619"></status>
</kw>
<kw name="Input Text" library="SeleniumLibrary">
<doc>Types the given ``text`` into the text field identified by ``locator``.</doc>
<arguments>
<arg>${text_area}</arg>
<arg>Site criado e testado</arg>
</arguments>
<msg timestamp="20200922 02:27:31.620" level="INFO">Typing text 'Site criado e testado' into text field 'css:textarea'.</msg>
<status status="PASS" starttime="20200922 02:27:31.619" endtime="20200922 02:27:31.810"></status>
</kw>
<kw name="Click Button" library="SeleniumLibrary">
<doc>Clicks the button identified by ``locator``.</doc>
<arguments>
<arg>css:input[type=submit]</arg>
</arguments>
<msg timestamp="20200922 02:27:31.811" level="INFO">Clicking button 'css:input[type=submit]'.</msg>
<status status="PASS" starttime="20200922 02:27:31.811" endtime="20200922 02:27:31.971"></status>
</kw>
<kw name="Encerrar sessão" library="base" type="teardown">
<kw name="Capture Page Screenshot" library="SeleniumLibrary">
<doc>Takes a screenshot of the current page and embeds it into a log file.</doc>
<msg timestamp="20200922 02:27:32.124" level="INFO" html="yes">&lt;/td&gt;&lt;/tr&gt;&lt;tr&gt;&lt;td colspan="3"&gt;&lt;a href="selenium-screenshot-2.png"&gt;&lt;img src="selenium-screenshot-2.png" width="800px"&gt;&lt;/a&gt;</msg>
<status status="PASS" starttime="20200922 02:27:31.975" endtime="20200922 02:27:32.124"></status>
</kw>
<kw name="Close Browser" library="SeleniumLibrary">
<doc>Closes the current browser.</doc>
<status status="PASS" starttime="20200922 02:27:32.124" endtime="20200922 02:27:32.284"></status>
</kw>
<status status="PASS" starttime="20200922 02:27:31.972" endtime="20200922 02:27:32.284"></status>
</kw>
<status status="PASS" starttime="20200922 02:27:29.168" endtime="20200922 02:27:32.284" critical="yes"></status>
</test>
<status status="PASS" starttime="20200922 02:27:28.950" endtime="20200922 02:27:32.286"></status>
</suite>
<statistics>
<total>
<stat pass="1" fail="0">Critical Tests</stat>
<stat pass="1" fail="0">All Tests</stat>
</total>
<tag>
</tag>
<suite>
<stat pass="1" fail="0" id="s1" name="Test Site">Test Site</stat>
</suite>
</statistics>
<errors>
</errors>
</robot>
